2025-06-15 20:54:32,544 - INFO - Conexión establecida con la base de datos.
2025-06-15 20:54:32,545 - ERROR - Error en la extracción de datos: Execution failed on sql '
        SELECT 
            m.match_api_id, 
            m.date, 
            m.home_team_goal, 
            m.away_team_goal,
            th.team_long_name AS home_team_name,
            ta.team_long_name AS away_team_name
        FROM Match m
        LEFT JOIN Team th ON m.home_team_api_id = th.team_api_id
        LEFT JOIN Team ta ON m.away_team_api_id = ta.team_api_id
        ': no such table: Match
2025-06-15 20:54:32,546 - INFO - Conexión establecida con la base de datos.
2025-06-15 20:54:32,546 - ERROR - Error en la extracción de datos: Execution failed on sql '
        SELECT 
            m.match_api_id, 
            m.date, 
            m.home_team_goal, 
            m.away_team_goal,
            th.team_long_name AS home_team_name,
            ta.team_long_name AS away_team_name
        FROM Match m
        LEFT JOIN Team th ON m.home_team_api_id = th.team_api_id
        LEFT JOIN Team ta ON m.away_team_api_id = ta.team_api_id
        ': no such table: Match
2025-06-15 20:54:32,546 - ERROR - ❌ Error durante la transformación: 'date'
2025-06-23 14:30:53,724 - INFO - Conexión establecida con la base de datos.
2025-06-23 14:30:54,220 - INFO - Extracción exitosa. Registros obtenidos: 25979
2025-06-23 14:30:54,221 - INFO - Conexión establecida con la base de datos.
2025-06-23 14:30:54,283 - INFO - Extracción exitosa. Registros obtenidos: 25979
2025-06-23 14:30:54,300 - INFO - ✅ Transformación completada. Registros finales: 38
2025-06-23 15:19:14,987 - INFO - Conexión establecida con la base de datos.
2025-06-23 15:19:15,474 - INFO - Extracción exitosa. Registros obtenidos: 25979
2025-06-23 15:19:15,491 - INFO - ✅ Transformación completada. Registros finales: 38
2025-06-23 15:19:15,497 - INFO - Archivo CSV guardado exitosamente en: data/barcelona_2008_2009.csv
2025-06-23 15:19:25,592 - INFO - Conexión establecida con la base de datos.
2025-06-23 15:19:26,053 - INFO - Extracción exitosa. Registros obtenidos: 25979
2025-06-23 15:19:26,054 - INFO - Conexión establecida con la base de datos.
2025-06-23 15:19:26,118 - INFO - Extracción exitosa. Registros obtenidos: 25979
2025-06-23 15:19:26,129 - INFO - ✅ Transformación completada. Registros finales: 38
